<?xml version="1.0" encoding="UTF-8"?>
<!-- Generated by org.testng.reporters.JUnitReportReporter -->
<testsuite hostname="LAPTOP-LA6NMLRJ" failures="0" tests="1" name="AutoPractice.Myntra.LoginMyntra" time="7.974" errors="0" timestamp="2020-11-20T18:39:41 IST" skipped="0">
  <testcase classname="AutoPractice.Myntra.LoginMyntra" name="logintomyntra" time="7.974"/>
  <system-out/>
</testsuite> <!-- AutoPractice.Myntra.LoginMyntra -->
